2025.01.06 09:10:02 INFO  Started: Metals version 1.4.2 in folders '/Users/sightes/Documents/GITHUB/2025_Scrapping_Chile' for client Visual Studio Code 1.96.2.
2025.01.06 09:10:02 INFO  no build target found for /Users/sightes/Documents/GITHUB/2025_Scrapping_Chile/simple_scrapping_scala/build.sbt. Using presentation compiler with project's scala-library version: 3.3.4
ene 06, 2025 9:10:03 A.M. org.eclipse.lsp4j.jsonrpc.RemoteEndpoint handleCancellation
ADVERTENCIA: Unmatched cancel notification for request id 1
2025.01.06 09:10:03 INFO  no build target found for /Users/sightes/Documents/GITHUB/2025_Scrapping_Chile/simple_scrapping_scala/build.sbt. Using presentation compiler with project's scala-library version: 3.3.4
2025.01.06 09:10:03 WARN  no build target for: /Users/sightes/Documents/GITHUB/2025_Scrapping_Chile/simple_scrapping_scala/build.sbt
2025.01.06 09:10:03 INFO  no build target found for /Users/sightes/Documents/GITHUB/2025_Scrapping_Chile/simple_scrapping_scala/build.sbt. Using presentation compiler with project's scala-library version: 3.3.4
2025.01.06 09:10:03 WARN  Could not find semantic tokens for: file:///Users/sightes/Documents/GITHUB/2025_Scrapping_Chile/simple_scrapping_scala/build.sbt
2025.01.06 09:10:03 WARN  no build target for: /Users/sightes/Documents/GITHUB/2025_Scrapping_Chile/simple_scrapping_scala/build.sbt
2025.01.06 09:10:03 INFO  no build target found for /Users/sightes/Documents/GITHUB/2025_Scrapping_Chile/simple_scrapping_scala/build.sbt. Using presentation compiler with project's scala-library version: 3.3.4
2025.01.06 09:10:03 WARN  Could not find semantic tokens for: file:///Users/sightes/Documents/GITHUB/2025_Scrapping_Chile/simple_scrapping_scala/build.sbt
2025.01.06 09:10:04 WARN  no build target for: /Users/sightes/Documents/GITHUB/2025_Scrapping_Chile/simple_scrapping_scala/build.sbt
2025.01.06 09:10:04 INFO  no build target found for /Users/sightes/Documents/GITHUB/2025_Scrapping_Chile/simple_scrapping_scala/build.sbt. Using presentation compiler with project's scala-library version: 3.3.4
2025.01.06 09:10:04 WARN  Could not find semantic tokens for: file:///Users/sightes/Documents/GITHUB/2025_Scrapping_Chile/simple_scrapping_scala/build.sbt
2025.01.06 09:10:24 INFO  no build target found for /Users/sightes/Documents/GITHUB/2025_Scrapping_Chile/simple_scrapping_scala/src/main/scala/Main.scala. Using presentation compiler with project's scala-library version: 3.3.4
2025.01.06 09:10:24 INFO  no build target found for /Users/sightes/Documents/GITHUB/2025_Scrapping_Chile/simple_scrapping_scala/src/main/scala/Main.scala. Using presentation compiler with project's scala-library version: 3.3.4
2025.01.06 09:10:24 INFO  no build target found for /Users/sightes/Documents/GITHUB/2025_Scrapping_Chile/simple_scrapping_scala/src/main/scala/Main.scala. Using presentation compiler with project's scala-library version: 3.3.4
2025.01.06 09:10:25 INFO  no build target found for /Users/sightes/Documents/GITHUB/2025_Scrapping_Chile/simple_scrapping_scala/src/main/scala/Main.scala. Using presentation compiler with project's scala-library version: 3.3.4
2025.01.06 09:10:25 INFO  no build target found for /Users/sightes/Documents/GITHUB/2025_Scrapping_Chile/simple_scrapping_scala/src/main/scala/Main.scala. Using presentation compiler with project's scala-library version: 3.3.4
2025.01.06 09:10:25 INFO  no build target found for /Users/sightes/Documents/GITHUB/2025_Scrapping_Chile/simple_scrapping_scala/src/main/scala/Main.scala. Using presentation compiler with project's scala-library version: 3.3.4
2025.01.06 09:10:26 INFO  no build target found for /Users/sightes/Documents/GITHUB/2025_Scrapping_Chile/simple_scrapping_scala/src/main/scala/Main.scala. Using presentation compiler with project's scala-library version: 3.3.4
2025.01.06 09:10:26 INFO  no build target found for /Users/sightes/Documents/GITHUB/2025_Scrapping_Chile/simple_scrapping_scala/src/main/scala/Main.scala. Using presentation compiler with project's scala-library version: 3.3.4
2025.01.06 09:10:26 INFO  no build target found for /Users/sightes/Documents/GITHUB/2025_Scrapping_Chile/simple_scrapping_scala/src/main/scala/Main.scala. Using presentation compiler with project's scala-library version: 3.3.4
2025.01.06 09:10:26 INFO  no build target found for /Users/sightes/Documents/GITHUB/2025_Scrapping_Chile/simple_scrapping_scala/src/main/scala/Main.scala. Using presentation compiler with project's scala-library version: 3.3.4
2025.01.06 09:10:26 INFO  no build target found for /Users/sightes/Documents/GITHUB/2025_Scrapping_Chile/simple_scrapping_scala/src/main/scala/Main.scala. Using presentation compiler with project's scala-library version: 3.3.4
2025.01.06 09:10:26 INFO  no build target found for /Users/sightes/Documents/GITHUB/2025_Scrapping_Chile/simple_scrapping_scala/src/main/scala/Main.scala. Using presentation compiler with project's scala-library version: 3.3.4
2025.01.06 09:10:27 WARN  no build target for: /Users/sightes/Documents/GITHUB/2025_Scrapping_Chile/simple_scrapping_scala/src/main/scala/Main.scala
2025.01.06 09:10:27 INFO  no build target found for /Users/sightes/Documents/GITHUB/2025_Scrapping_Chile/simple_scrapping_scala/src/main/scala/Main.scala. Using presentation compiler with project's scala-library version: 3.3.4
2025.01.06 09:10:27 INFO  no build target found for /Users/sightes/Documents/GITHUB/2025_Scrapping_Chile/simple_scrapping_scala/src/main/scala/Main.scala. Using presentation compiler with project's scala-library version: 3.3.4
2025.01.06 09:10:27 INFO  no build target found for /Users/sightes/Documents/GITHUB/2025_Scrapping_Chile/simple_scrapping_scala/src/main/scala/Main.scala. Using presentation compiler with project's scala-library version: 3.3.4
2025.01.06 09:10:27 INFO  no build target found for /Users/sightes/Documents/GITHUB/2025_Scrapping_Chile/simple_scrapping_scala/src/main/scala/Main.scala. Using presentation compiler with project's scala-library version: 3.3.4
2025.01.06 09:10:28 WARN  no build target for: /Users/sightes/Documents/GITHUB/2025_Scrapping_Chile/simple_scrapping_scala/src/main/scala/Main.scala
2025.01.06 09:10:27 INFO  no build target found for /Users/sightes/Documents/GITHUB/2025_Scrapping_Chile/simple_scrapping_scala/src/main/scala/Main.scala. Using presentation compiler with project's scala-library version: 3.3.4
2025.01.06 09:10:28 INFO  no build target found for /Users/sightes/Documents/GITHUB/2025_Scrapping_Chile/simple_scrapping_scala/src/main/scala/Main.scala. Using presentation compiler with project's scala-library version: 3.3.4
2025.01.06 09:10:27 INFO  no build target found for /Users/sightes/Documents/GITHUB/2025_Scrapping_Chile/simple_scrapping_scala/src/main/scala/Main.scala. Using presentation compiler with project's scala-library version: 3.3.4
2025.01.06 09:11:15 INFO  no build target found for /Users/sightes/Documents/GITHUB/2025_Scrapping_Chile/simple_scrapping_scala/src/main/scala/Main.scala. Using presentation compiler with project's scala-library version: 3.3.4
2025.01.06 09:11:15 INFO  no build target found for /Users/sightes/Documents/GITHUB/2025_Scrapping_Chile/simple_scrapping_scala/src/main/scala/Main.scala. Using presentation compiler with project's scala-library version: 3.3.4
2025.01.06 09:11:17 INFO  no build target found for /Users/sightes/Documents/GITHUB/2025_Scrapping_Chile/simple_scrapping_scala/src/main/scala/Main.scala. Using presentation compiler with project's scala-library version: 3.3.4
2025.01.06 09:11:17 INFO  no build target found for /Users/sightes/Documents/GITHUB/2025_Scrapping_Chile/simple_scrapping_scala/src/main/scala/Main.scala. Using presentation compiler with project's scala-library version: 3.3.4
2025.01.06 09:11:17 INFO  no build target found for /Users/sightes/Documents/GITHUB/2025_Scrapping_Chile/simple_scrapping_scala/src/main/scala/Main.scala. Using presentation compiler with project's scala-library version: 3.3.4
2025.01.06 09:11:17 INFO  no build target found for /Users/sightes/Documents/GITHUB/2025_Scrapping_Chile/simple_scrapping_scala/src/main/scala/Main.scala. Using presentation compiler with project's scala-library version: 3.3.4
2025.01.06 09:11:17 INFO  no build target found for /Users/sightes/Documents/GITHUB/2025_Scrapping_Chile/simple_scrapping_scala/src/main/scala/Main.scala. Using presentation compiler with project's scala-library version: 3.3.4
2025.01.06 09:11:18 INFO  no build target found for /Users/sightes/Documents/GITHUB/2025_Scrapping_Chile/simple_scrapping_scala/src/main/scala/Main.scala. Using presentation compiler with project's scala-library version: 3.3.4
2025.01.06 09:11:18 INFO  no build target found for /Users/sightes/Documents/GITHUB/2025_Scrapping_Chile/simple_scrapping_scala/src/main/scala/Main.scala. Using presentation compiler with project's scala-library version: 3.3.4
2025.01.06 09:11:18 INFO  no build target found for /Users/sightes/Documents/GITHUB/2025_Scrapping_Chile/simple_scrapping_scala/src/main/scala/Main.scala. Using presentation compiler with project's scala-library version: 3.3.4
2025.01.06 09:11:19 INFO  no build target found for /Users/sightes/Documents/GITHUB/2025_Scrapping_Chile/simple_scrapping_scala/src/main/scala/Main.scala. Using presentation compiler with project's scala-library version: 3.3.4
2025.01.06 09:11:19 INFO  no build target found for /Users/sightes/Documents/GITHUB/2025_Scrapping_Chile/simple_scrapping_scala/src/main/scala/Main.scala. Using presentation compiler with project's scala-library version: 3.3.4
2025.01.06 09:11:19 INFO  no build target found for /Users/sightes/Documents/GITHUB/2025_Scrapping_Chile/simple_scrapping_scala/src/main/scala/Main.scala. Using presentation compiler with project's scala-library version: 3.3.4
2025.01.06 09:11:19 INFO  no build target found for /Users/sightes/Documents/GITHUB/2025_Scrapping_Chile/simple_scrapping_scala/src/main/scala/Main.scala. Using presentation compiler with project's scala-library version: 3.3.4
2025.01.06 09:11:20 INFO  no build target found for /Users/sightes/Documents/GITHUB/2025_Scrapping_Chile/simple_scrapping_scala/src/main/scala/Main.scala. Using presentation compiler with project's scala-library version: 3.3.4
2025.01.06 09:11:20 INFO  no build target found for /Users/sightes/Documents/GITHUB/2025_Scrapping_Chile/simple_scrapping_scala/src/main/scala/Main.scala. Using presentation compiler with project's scala-library version: 3.3.4
2025.01.06 09:11:20 INFO  no build target found for /Users/sightes/Documents/GITHUB/2025_Scrapping_Chile/simple_scrapping_scala/src/main/scala/Main.scala. Using presentation compiler with project's scala-library version: 3.3.4
2025.01.06 09:11:21 INFO  no build target found for /Users/sightes/Documents/GITHUB/2025_Scrapping_Chile/simple_scrapping_scala/src/main/scala/Main.scala. Using presentation compiler with project's scala-library version: 3.3.4
2025.01.06 09:11:21 INFO  no build target found for /Users/sightes/Documents/GITHUB/2025_Scrapping_Chile/simple_scrapping_scala/src/main/scala/Main.scala. Using presentation compiler with project's scala-library version: 3.3.4
2025.01.06 09:11:21 INFO  no build target found for /Users/sightes/Documents/GITHUB/2025_Scrapping_Chile/simple_scrapping_scala/src/main/scala/Main.scala. Using presentation compiler with project's scala-library version: 3.3.4
2025.01.06 09:11:22 INFO  no build target found for /Users/sightes/Documents/GITHUB/2025_Scrapping_Chile/simple_scrapping_scala/src/main/scala/Main.scala. Using presentation compiler with project's scala-library version: 3.3.4
2025.01.06 09:11:21 INFO  no build target found for /Users/sightes/Documents/GITHUB/2025_Scrapping_Chile/simple_scrapping_scala/src/main/scala/Main.scala. Using presentation compiler with project's scala-library version: 3.3.4
2025.01.06 09:11:23 INFO  no build target found for /Users/sightes/Documents/GITHUB/2025_Scrapping_Chile/simple_scrapping_scala/src/main/scala/Main.scala. Using presentation compiler with project's scala-library version: 3.3.4
2025.01.06 09:11:23 INFO  no build target found for /Users/sightes/Documents/GITHUB/2025_Scrapping_Chile/simple_scrapping_scala/src/main/scala/Main.scala. Using presentation compiler with project's scala-library version: 3.3.4
2025.01.06 09:11:25 INFO  no build target found for /Users/sightes/Documents/GITHUB/2025_Scrapping_Chile/simple_scrapping_scala/src/main/scala/Main.scala. Using presentation compiler with project's scala-library version: 3.3.4
2025.01.06 09:11:25 INFO  no build target found for /Users/sightes/Documents/GITHUB/2025_Scrapping_Chile/simple_scrapping_scala/src/main/scala/Main.scala. Using presentation compiler with project's scala-library version: 3.3.4
2025.01.06 09:11:25 INFO  no build target found for /Users/sightes/Documents/GITHUB/2025_Scrapping_Chile/simple_scrapping_scala/src/main/scala/Main.scala. Using presentation compiler with project's scala-library version: 3.3.4
2025.01.06 09:11:26 INFO  no build target found for /Users/sightes/Documents/GITHUB/2025_Scrapping_Chile/simple_scrapping_scala/src/main/scala/Main.scala. Using presentation compiler with project's scala-library version: 3.3.4
2025.01.06 09:11:26 INFO  no build target found for /Users/sightes/Documents/GITHUB/2025_Scrapping_Chile/simple_scrapping_scala/src/main/scala/Main.scala. Using presentation compiler with project's scala-library version: 3.3.4
2025.01.06 09:11:26 INFO  no build target found for /Users/sightes/Documents/GITHUB/2025_Scrapping_Chile/simple_scrapping_scala/src/main/scala/Main.scala. Using presentation compiler with project's scala-library version: 3.3.4
2025.01.06 09:11:26 INFO  no build target found for /Users/sightes/Documents/GITHUB/2025_Scrapping_Chile/simple_scrapping_scala/src/main/scala/Main.scala. Using presentation compiler with project's scala-library version: 3.3.4
2025.01.06 09:11:26 INFO  no build target found for /Users/sightes/Documents/GITHUB/2025_Scrapping_Chile/simple_scrapping_scala/src/main/scala/Main.scala. Using presentation compiler with project's scala-library version: 3.3.4
2025.01.06 09:11:26 INFO  no build target found for /Users/sightes/Documents/GITHUB/2025_Scrapping_Chile/simple_scrapping_scala/src/main/scala/Main.scala. Using presentation compiler with project's scala-library version: 3.3.4
2025.01.06 09:11:27 INFO  no build target found for /Users/sightes/Documents/GITHUB/2025_Scrapping_Chile/simple_scrapping_scala/src/main/scala/Main.scala. Using presentation compiler with project's scala-library version: 3.3.4
2025.01.06 09:11:27 INFO  no build target found for /Users/sightes/Documents/GITHUB/2025_Scrapping_Chile/simple_scrapping_scala/src/main/scala/Main.scala. Using presentation compiler with project's scala-library version: 3.3.4
2025.01.06 09:11:27 INFO  no build target found for /Users/sightes/Documents/GITHUB/2025_Scrapping_Chile/simple_scrapping_scala/src/main/scala/Main.scala. Using presentation compiler with project's scala-library version: 3.3.4
2025.01.06 09:11:27 INFO  no build target found for /Users/sightes/Documents/GITHUB/2025_Scrapping_Chile/simple_scrapping_scala/src/main/scala/Main.scala. Using presentation compiler with project's scala-library version: 3.3.4
2025.01.06 09:11:28 INFO  no build target found for /Users/sightes/Documents/GITHUB/2025_Scrapping_Chile/simple_scrapping_scala/src/main/scala/Main.scala. Using presentation compiler with project's scala-library version: 3.3.4
2025.01.06 09:11:30 WARN  no build target for: /Users/sightes/Documents/GITHUB/2025_Scrapping_Chile/simple_scrapping_scala/src/main/scala/Main.scala
2025.01.06 09:11:30 INFO  no build target found for /Users/sightes/Documents/GITHUB/2025_Scrapping_Chile/simple_scrapping_scala/src/main/scala/Main.scala. Using presentation compiler with project's scala-library version: 3.3.4
2025.01.06 09:11:30 INFO  no build target found for /Users/sightes/Documents/GITHUB/2025_Scrapping_Chile/simple_scrapping_scala/src/main/scala/Main.scala. Using presentation compiler with project's scala-library version: 3.3.4
2025.01.06 09:11:30 INFO  no build target found for /Users/sightes/Documents/GITHUB/2025_Scrapping_Chile/simple_scrapping_scala/src/main/scala/Main.scala. Using presentation compiler with project's scala-library version: 3.3.4
2025.01.06 09:11:30 INFO  no build target found for /Users/sightes/Documents/GITHUB/2025_Scrapping_Chile/simple_scrapping_scala/src/main/scala/Main.scala. Using presentation compiler with project's scala-library version: 3.3.4
2025.01.06 09:11:30 INFO  no build target found for /Users/sightes/Documents/GITHUB/2025_Scrapping_Chile/simple_scrapping_scala/src/main/scala/Main.scala. Using presentation compiler with project's scala-library version: 3.3.4
2025.01.06 09:12:06 INFO  no build target found for /Users/sightes/Documents/GITHUB/2025_Scrapping_Chile/simple_scrapping_scala/src/main/scala/Main.scala. Using presentation compiler with project's scala-library version: 3.3.4
2025.01.06 09:12:06 INFO  no build target found for /Users/sightes/Documents/GITHUB/2025_Scrapping_Chile/simple_scrapping_scala/src/main/scala/Main.scala. Using presentation compiler with project's scala-library version: 3.3.4
2025.01.06 09:12:07 INFO  no build target found for /Users/sightes/Documents/GITHUB/2025_Scrapping_Chile/simple_scrapping_scala/src/main/scala/Main.scala. Using presentation compiler with project's scala-library version: 3.3.4
2025.01.06 09:12:07 INFO  no build target found for /Users/sightes/Documents/GITHUB/2025_Scrapping_Chile/simple_scrapping_scala/src/main/scala/Main.scala. Using presentation compiler with project's scala-library version: 3.3.4
2025.01.06 09:12:07 INFO  no build target found for /Users/sightes/Documents/GITHUB/2025_Scrapping_Chile/simple_scrapping_scala/src/main/scala/Main.scala. Using presentation compiler with project's scala-library version: 3.3.4
2025.01.06 09:12:07 INFO  no build target found for /Users/sightes/Documents/GITHUB/2025_Scrapping_Chile/simple_scrapping_scala/src/main/scala/Main.scala. Using presentation compiler with project's scala-library version: 3.3.4
2025.01.06 09:12:09 INFO  no build target found for /Users/sightes/Documents/GITHUB/2025_Scrapping_Chile/simple_scrapping_scala/src/main/scala/Main.scala. Using presentation compiler with project's scala-library version: 3.3.4
2025.01.06 09:12:09 INFO  no build target found for /Users/sightes/Documents/GITHUB/2025_Scrapping_Chile/simple_scrapping_scala/src/main/scala/Main.scala. Using presentation compiler with project's scala-library version: 3.3.4
2025.01.06 09:12:09 INFO  no build target found for /Users/sightes/Documents/GITHUB/2025_Scrapping_Chile/simple_scrapping_scala/src/main/scala/Main.scala. Using presentation compiler with project's scala-library version: 3.3.4
2025.01.06 09:12:09 INFO  no build target found for /Users/sightes/Documents/GITHUB/2025_Scrapping_Chile/simple_scrapping_scala/src/main/scala/Main.scala. Using presentation compiler with project's scala-library version: 3.3.4
2025.01.06 09:13:47 INFO  no build target found for /Users/sightes/Documents/GITHUB/2025_Scrapping_Chile/simple_scrapping_scala/src/main/scala/Main.scala. Using presentation compiler with project's scala-library version: 3.3.4
2025.01.06 09:13:47 INFO  no build target found for /Users/sightes/Documents/GITHUB/2025_Scrapping_Chile/simple_scrapping_scala/src/main/scala/Main.scala. Using presentation compiler with project's scala-library version: 3.3.4
2025.01.06 09:13:48 INFO  no build target found for /Users/sightes/Documents/GITHUB/2025_Scrapping_Chile/simple_scrapping_scala/src/main/scala/Main.scala. Using presentation compiler with project's scala-library version: 3.3.4
2025.01.06 09:13:48 WARN  no build target for: /Users/sightes/Documents/GITHUB/2025_Scrapping_Chile/simple_scrapping_scala/src/main/scala/Main.scala
2025.01.06 09:13:48 INFO  no build target found for /Users/sightes/Documents/GITHUB/2025_Scrapping_Chile/simple_scrapping_scala/src/main/scala/Main.scala. Using presentation compiler with project's scala-library version: 3.3.4
2025.01.06 09:14:03 INFO  no build target found for /Users/sightes/Documents/GITHUB/2025_Scrapping_Chile/simple_scrapping_scala/src/main/scala/Main.scala. Using presentation compiler with project's scala-library version: 3.3.4
2025.01.06 09:14:03 INFO  no build target found for /Users/sightes/Documents/GITHUB/2025_Scrapping_Chile/simple_scrapping_scala/src/main/scala/Main.scala. Using presentation compiler with project's scala-library version: 3.3.4
2025.01.06 09:14:03 INFO  no build target found for /Users/sightes/Documents/GITHUB/2025_Scrapping_Chile/simple_scrapping_scala/src/main/scala/Main.scala. Using presentation compiler with project's scala-library version: 3.3.4
2025.01.06 09:14:03 INFO  no build target found for /Users/sightes/Documents/GITHUB/2025_Scrapping_Chile/simple_scrapping_scala/src/main/scala/Main.scala. Using presentation compiler with project's scala-library version: 3.3.4
2025.01.06 09:14:03 INFO  no build target found for /Users/sightes/Documents/GITHUB/2025_Scrapping_Chile/simple_scrapping_scala/src/main/scala/Main.scala. Using presentation compiler with project's scala-library version: 3.3.4
2025.01.06 09:14:04 INFO  no build target found for /Users/sightes/Documents/GITHUB/2025_Scrapping_Chile/simple_scrapping_scala/src/main/scala/Main.scala. Using presentation compiler with project's scala-library version: 3.3.4
2025.01.06 09:14:22 INFO  no build target found for /Users/sightes/Documents/GITHUB/2025_Scrapping_Chile/simple_scrapping_scala/src/main/scala/Main.scala. Using presentation compiler with project's scala-library version: 3.3.4
2025.01.06 09:14:22 INFO  no build target found for /Users/sightes/Documents/GITHUB/2025_Scrapping_Chile/simple_scrapping_scala/src/main/scala/Main.scala. Using presentation compiler with project's scala-library version: 3.3.4
2025.01.06 09:14:24 INFO  no build target found for /Users/sightes/Documents/GITHUB/2025_Scrapping_Chile/simple_scrapping_scala/src/main/scala/Main.scala. Using presentation compiler with project's scala-library version: 3.3.4
2025.01.06 09:14:26 INFO  no build target found for /Users/sightes/Documents/GITHUB/2025_Scrapping_Chile/simple_scrapping_scala/src/main/scala/Main.scala. Using presentation compiler with project's scala-library version: 3.3.4
2025.01.06 09:14:32 INFO  no build target found for /Users/sightes/Documents/GITHUB/2025_Scrapping_Chile/simple_scrapping_scala/src/main/scala/Main.scala. Using presentation compiler with project's scala-library version: 3.3.4
2025.01.06 09:14:32 INFO  no build target found for /Users/sightes/Documents/GITHUB/2025_Scrapping_Chile/simple_scrapping_scala/src/main/scala/Main.scala. Using presentation compiler with project's scala-library version: 3.3.4
2025.01.06 09:14:33 INFO  no build target found for /Users/sightes/Documents/GITHUB/2025_Scrapping_Chile/simple_scrapping_scala/src/main/scala/Main.scala. Using presentation compiler with project's scala-library version: 3.3.4
2025.01.06 09:14:35 INFO  no build target found for /Users/sightes/Documents/GITHUB/2025_Scrapping_Chile/simple_scrapping_scala/src/main/scala/Main.scala. Using presentation compiler with project's scala-library version: 3.3.4
2025.01.06 09:14:35 INFO  no build target found for /Users/sightes/Documents/GITHUB/2025_Scrapping_Chile/simple_scrapping_scala/src/main/scala/Main.scala. Using presentation compiler with project's scala-library version: 3.3.4
2025.01.06 09:14:36 INFO  no build target found for /Users/sightes/Documents/GITHUB/2025_Scrapping_Chile/simple_scrapping_scala/src/main/scala/Main.scala. Using presentation compiler with project's scala-library version: 3.3.4
2025.01.06 09:14:36 INFO  no build target found for /Users/sightes/Documents/GITHUB/2025_Scrapping_Chile/simple_scrapping_scala/src/main/scala/Main.scala. Using presentation compiler with project's scala-library version: 3.3.4
2025.01.06 09:14:37 INFO  no build target found for /Users/sightes/Documents/GITHUB/2025_Scrapping_Chile/simple_scrapping_scala/src/main/scala/Main.scala. Using presentation compiler with project's scala-library version: 3.3.4
2025.01.06 09:14:37 INFO  no build target found for /Users/sightes/Documents/GITHUB/2025_Scrapping_Chile/simple_scrapping_scala/src/main/scala/Main.scala. Using presentation compiler with project's scala-library version: 3.3.4
2025.01.06 09:14:40 INFO  no build target found for /Users/sightes/Documents/GITHUB/2025_Scrapping_Chile/simple_scrapping_scala/src/main/scala/Main.scala. Using presentation compiler with project's scala-library version: 3.3.4
2025.01.06 09:14:40 INFO  no build target found for /Users/sightes/Documents/GITHUB/2025_Scrapping_Chile/simple_scrapping_scala/src/main/scala/Main.scala. Using presentation compiler with project's scala-library version: 3.3.4
2025.01.06 09:14:40 INFO  no build target found for /Users/sightes/Documents/GITHUB/2025_Scrapping_Chile/simple_scrapping_scala/src/main/scala/Main.scala. Using presentation compiler with project's scala-library version: 3.3.4
2025.01.06 09:14:40 INFO  no build target found for /Users/sightes/Documents/GITHUB/2025_Scrapping_Chile/simple_scrapping_scala/src/main/scala/Main.scala. Using presentation compiler with project's scala-library version: 3.3.4
2025.01.06 09:14:43 INFO  no build target found for /Users/sightes/Documents/GITHUB/2025_Scrapping_Chile/simple_scrapping_scala/src/main/scala/Main.scala. Using presentation compiler with project's scala-library version: 3.3.4
2025.01.06 09:14:43 INFO  no build target found for /Users/sightes/Documents/GITHUB/2025_Scrapping_Chile/simple_scrapping_scala/src/main/scala/Main.scala. Using presentation compiler with project's scala-library version: 3.3.4
2025.01.06 09:14:44 INFO  no build target found for /Users/sightes/Documents/GITHUB/2025_Scrapping_Chile/simple_scrapping_scala/src/main/scala/Main.scala. Using presentation compiler with project's scala-library version: 3.3.4
2025.01.06 09:14:49 INFO  no build target found for /Users/sightes/Documents/GITHUB/2025_Scrapping_Chile/simple_scrapping_scala/src/main/scala/Main.scala. Using presentation compiler with project's scala-library version: 3.3.4
2025.01.06 09:14:49 INFO  no build target found for /Users/sightes/Documents/GITHUB/2025_Scrapping_Chile/simple_scrapping_scala/src/main/scala/Main.scala. Using presentation compiler with project's scala-library version: 3.3.4
2025.01.06 09:14:50 INFO  no build target found for /Users/sightes/Documents/GITHUB/2025_Scrapping_Chile/simple_scrapping_scala/src/main/scala/Main.scala. Using presentation compiler with project's scala-library version: 3.3.4
2025.01.06 09:14:50 INFO  no build target found for /Users/sightes/Documents/GITHUB/2025_Scrapping_Chile/simple_scrapping_scala/src/main/scala/Main.scala. Using presentation compiler with project's scala-library version: 3.3.4
2025.01.06 09:14:52 INFO  no build target found for /Users/sightes/Documents/GITHUB/2025_Scrapping_Chile/simple_scrapping_scala/src/main/scala/Main.scala. Using presentation compiler with project's scala-library version: 3.3.4
2025.01.06 09:14:52 INFO  no build target found for /Users/sightes/Documents/GITHUB/2025_Scrapping_Chile/simple_scrapping_scala/src/main/scala/Main.scala. Using presentation compiler with project's scala-library version: 3.3.4
2025.01.06 09:14:52 INFO  no build target found for /Users/sightes/Documents/GITHUB/2025_Scrapping_Chile/simple_scrapping_scala/src/main/scala/Main.scala. Using presentation compiler with project's scala-library version: 3.3.4
2025.01.06 09:14:52 INFO  no build target found for /Users/sightes/Documents/GITHUB/2025_Scrapping_Chile/simple_scrapping_scala/src/main/scala/Main.scala. Using presentation compiler with project's scala-library version: 3.3.4
2025.01.06 09:14:53 INFO  no build target found for /Users/sightes/Documents/GITHUB/2025_Scrapping_Chile/simple_scrapping_scala/src/main/scala/Main.scala. Using presentation compiler with project's scala-library version: 3.3.4
2025.01.06 09:14:53 INFO  no build target found for /Users/sightes/Documents/GITHUB/2025_Scrapping_Chile/simple_scrapping_scala/src/main/scala/Main.scala. Using presentation compiler with project's scala-library version: 3.3.4
2025.01.06 09:14:53 INFO  no build target found for /Users/sightes/Documents/GITHUB/2025_Scrapping_Chile/simple_scrapping_scala/src/main/scala/Main.scala. Using presentation compiler with project's scala-library version: 3.3.4
2025.01.06 09:14:53 INFO  no build target found for /Users/sightes/Documents/GITHUB/2025_Scrapping_Chile/simple_scrapping_scala/src/main/scala/Main.scala. Using presentation compiler with project's scala-library version: 3.3.4
2025.01.06 09:14:53 INFO  no build target found for /Users/sightes/Documents/GITHUB/2025_Scrapping_Chile/simple_scrapping_scala/src/main/scala/Main.scala. Using presentation compiler with project's scala-library version: 3.3.4
2025.01.06 09:14:53 INFO  no build target found for /Users/sightes/Documents/GITHUB/2025_Scrapping_Chile/simple_scrapping_scala/src/main/scala/Main.scala. Using presentation compiler with project's scala-library version: 3.3.4
2025.01.06 09:14:54 INFO  no build target found for /Users/sightes/Documents/GITHUB/2025_Scrapping_Chile/simple_scrapping_scala/src/main/scala/Main.scala. Using presentation compiler with project's scala-library version: 3.3.4
2025.01.06 09:14:54 INFO  no build target found for /Users/sightes/Documents/GITHUB/2025_Scrapping_Chile/simple_scrapping_scala/src/main/scala/Main.scala. Using presentation compiler with project's scala-library version: 3.3.4
2025.01.06 09:14:54 INFO  no build target found for /Users/sightes/Documents/GITHUB/2025_Scrapping_Chile/simple_scrapping_scala/src/main/scala/Main.scala. Using presentation compiler with project's scala-library version: 3.3.4
2025.01.06 09:14:54 INFO  no build target found for /Users/sightes/Documents/GITHUB/2025_Scrapping_Chile/simple_scrapping_scala/src/main/scala/Main.scala. Using presentation compiler with project's scala-library version: 3.3.4
2025.01.06 09:14:54 INFO  no build target found for /Users/sightes/Documents/GITHUB/2025_Scrapping_Chile/simple_scrapping_scala/src/main/scala/Main.scala. Using presentation compiler with project's scala-library version: 3.3.4
2025.01.06 09:14:54 INFO  no build target found for /Users/sightes/Documents/GITHUB/2025_Scrapping_Chile/simple_scrapping_scala/src/main/scala/Main.scala. Using presentation compiler with project's scala-library version: 3.3.4
2025.01.06 09:14:55 INFO  no build target found for /Users/sightes/Documents/GITHUB/2025_Scrapping_Chile/simple_scrapping_scala/src/main/scala/Main.scala. Using presentation compiler with project's scala-library version: 3.3.4
2025.01.06 09:14:56 INFO  no build target found for /Users/sightes/Documents/GITHUB/2025_Scrapping_Chile/simple_scrapping_scala/src/main/scala/Main.scala. Using presentation compiler with project's scala-library version: 3.3.4
2025.01.06 09:14:56 INFO  no build target found for /Users/sightes/Documents/GITHUB/2025_Scrapping_Chile/simple_scrapping_scala/src/main/scala/Main.scala. Using presentation compiler with project's scala-library version: 3.3.4
2025.01.06 09:14:56 INFO  no build target found for /Users/sightes/Documents/GITHUB/2025_Scrapping_Chile/simple_scrapping_scala/src/main/scala/Main.scala. Using presentation compiler with project's scala-library version: 3.3.4
2025.01.06 09:14:57 INFO  no build target found for /Users/sightes/Documents/GITHUB/2025_Scrapping_Chile/simple_scrapping_scala/src/main/scala/Main.scala. Using presentation compiler with project's scala-library version: 3.3.4
2025.01.06 09:14:57 INFO  no build target found for /Users/sightes/Documents/GITHUB/2025_Scrapping_Chile/simple_scrapping_scala/src/main/scala/Main.scala. Using presentation compiler with project's scala-library version: 3.3.4
2025.01.06 09:14:58 INFO  no build target found for /Users/sightes/Documents/GITHUB/2025_Scrapping_Chile/simple_scrapping_scala/src/main/scala/Main.scala. Using presentation compiler with project's scala-library version: 3.3.4
2025.01.06 09:14:58 INFO  no build target found for /Users/sightes/Documents/GITHUB/2025_Scrapping_Chile/simple_scrapping_scala/src/main/scala/Main.scala. Using presentation compiler with project's scala-library version: 3.3.4
2025.01.06 09:14:58 INFO  no build target found for /Users/sightes/Documents/GITHUB/2025_Scrapping_Chile/simple_scrapping_scala/src/main/scala/Main.scala. Using presentation compiler with project's scala-library version: 3.3.4
2025.01.06 09:14:58 INFO  no build target found for /Users/sightes/Documents/GITHUB/2025_Scrapping_Chile/simple_scrapping_scala/src/main/scala/Main.scala. Using presentation compiler with project's scala-library version: 3.3.4
2025.01.06 09:14:58 INFO  no build target found for /Users/sightes/Documents/GITHUB/2025_Scrapping_Chile/simple_scrapping_scala/src/main/scala/Main.scala. Using presentation compiler with project's scala-library version: 3.3.4
2025.01.06 09:14:59 INFO  no build target found for /Users/sightes/Documents/GITHUB/2025_Scrapping_Chile/simple_scrapping_scala/src/main/scala/Main.scala. Using presentation compiler with project's scala-library version: 3.3.4
2025.01.06 09:14:59 INFO  no build target found for /Users/sightes/Documents/GITHUB/2025_Scrapping_Chile/simple_scrapping_scala/src/main/scala/Main.scala. Using presentation compiler with project's scala-library version: 3.3.4
2025.01.06 09:14:59 INFO  no build target found for /Users/sightes/Documents/GITHUB/2025_Scrapping_Chile/simple_scrapping_scala/src/main/scala/Main.scala. Using presentation compiler with project's scala-library version: 3.3.4
2025.01.06 09:14:59 INFO  no build target found for /Users/sightes/Documents/GITHUB/2025_Scrapping_Chile/simple_scrapping_scala/src/main/scala/Main.scala. Using presentation compiler with project's scala-library version: 3.3.4
2025.01.06 09:15:01 INFO  no build target found for /Users/sightes/Documents/GITHUB/2025_Scrapping_Chile/simple_scrapping_scala/src/main/scala/Main.scala. Using presentation compiler with project's scala-library version: 3.3.4
2025.01.06 09:15:03 INFO  no build target found for /Users/sightes/Documents/GITHUB/2025_Scrapping_Chile/simple_scrapping_scala/src/main/scala/Main.scala. Using presentation compiler with project's scala-library version: 3.3.4
2025.01.06 09:15:03 INFO  no build target found for /Users/sightes/Documents/GITHUB/2025_Scrapping_Chile/simple_scrapping_scala/src/main/scala/Main.scala. Using presentation compiler with project's scala-library version: 3.3.4
2025.01.06 09:15:03 INFO  no build target found for /Users/sightes/Documents/GITHUB/2025_Scrapping_Chile/simple_scrapping_scala/src/main/scala/Main.scala. Using presentation compiler with project's scala-library version: 3.3.4
2025.01.06 09:15:03 INFO  no build target found for /Users/sightes/Documents/GITHUB/2025_Scrapping_Chile/simple_scrapping_scala/src/main/scala/Main.scala. Using presentation compiler with project's scala-library version: 3.3.4
2025.01.06 09:15:06 INFO  no build target found for /Users/sightes/Documents/GITHUB/2025_Scrapping_Chile/simple_scrapping_scala/src/main/scala/Main.scala. Using presentation compiler with project's scala-library version: 3.3.4
2025.01.06 09:15:06 INFO  no build target found for /Users/sightes/Documents/GITHUB/2025_Scrapping_Chile/simple_scrapping_scala/src/main/scala/Main.scala. Using presentation compiler with project's scala-library version: 3.3.4
2025.01.06 09:15:06 INFO  no build target found for /Users/sightes/Documents/GITHUB/2025_Scrapping_Chile/simple_scrapping_scala/src/main/scala/Main.scala. Using presentation compiler with project's scala-library version: 3.3.4
2025.01.06 09:15:06 INFO  no build target found for /Users/sightes/Documents/GITHUB/2025_Scrapping_Chile/simple_scrapping_scala/src/main/scala/Main.scala. Using presentation compiler with project's scala-library version: 3.3.4
2025.01.06 09:15:06 INFO  no build target found for /Users/sightes/Documents/GITHUB/2025_Scrapping_Chile/simple_scrapping_scala/src/main/scala/Main.scala. Using presentation compiler with project's scala-library version: 3.3.4
2025.01.06 09:15:06 INFO  no build target found for /Users/sightes/Documents/GITHUB/2025_Scrapping_Chile/simple_scrapping_scala/src/main/scala/Main.scala. Using presentation compiler with project's scala-library version: 3.3.4
2025.01.06 09:15:07 INFO  no build target found for /Users/sightes/Documents/GITHUB/2025_Scrapping_Chile/simple_scrapping_scala/src/main/scala/Main.scala. Using presentation compiler with project's scala-library version: 3.3.4
2025.01.06 09:15:07 INFO  no build target found for /Users/sightes/Documents/GITHUB/2025_Scrapping_Chile/simple_scrapping_scala/src/main/scala/Main.scala. Using presentation compiler with project's scala-library version: 3.3.4
2025.01.06 09:15:07 INFO  no build target found for /Users/sightes/Documents/GITHUB/2025_Scrapping_Chile/simple_scrapping_scala/src/main/scala/Main.scala. Using presentation compiler with project's scala-library version: 3.3.4
2025.01.06 09:15:08 INFO  no build target found for /Users/sightes/Documents/GITHUB/2025_Scrapping_Chile/simple_scrapping_scala/src/main/scala/Main.scala. Using presentation compiler with project's scala-library version: 3.3.4
2025.01.06 09:15:07 INFO  no build target found for /Users/sightes/Documents/GITHUB/2025_Scrapping_Chile/simple_scrapping_scala/src/main/scala/Main.scala. Using presentation compiler with project's scala-library version: 3.3.4
2025.01.06 09:15:09 INFO  no build target found for /Users/sightes/Documents/GITHUB/2025_Scrapping_Chile/simple_scrapping_scala/src/main/scala/Main.scala. Using presentation compiler with project's scala-library version: 3.3.4
2025.01.06 09:15:09 INFO  no build target found for /Users/sightes/Documents/GITHUB/2025_Scrapping_Chile/simple_scrapping_scala/src/main/scala/Main.scala. Using presentation compiler with project's scala-library version: 3.3.4
2025.01.06 09:15:11 INFO  no build target found for /Users/sightes/Documents/GITHUB/2025_Scrapping_Chile/simple_scrapping_scala/src/main/scala/Main.scala. Using presentation compiler with project's scala-library version: 3.3.4
2025.01.06 09:15:11 INFO  no build target found for /Users/sightes/Documents/GITHUB/2025_Scrapping_Chile/simple_scrapping_scala/src/main/scala/Main.scala. Using presentation compiler with project's scala-library version: 3.3.4
2025.01.06 09:15:11 INFO  no build target found for /Users/sightes/Documents/GITHUB/2025_Scrapping_Chile/simple_scrapping_scala/src/main/scala/Main.scala. Using presentation compiler with project's scala-library version: 3.3.4
2025.01.06 09:15:11 INFO  no build target found for /Users/sightes/Documents/GITHUB/2025_Scrapping_Chile/simple_scrapping_scala/src/main/scala/Main.scala. Using presentation compiler with project's scala-library version: 3.3.4
2025.01.06 09:15:11 INFO  no build target found for /Users/sightes/Documents/GITHUB/2025_Scrapping_Chile/simple_scrapping_scala/src/main/scala/Main.scala. Using presentation compiler with project's scala-library version: 3.3.4
2025.01.06 09:15:12 INFO  no build target found for /Users/sightes/Documents/GITHUB/2025_Scrapping_Chile/simple_scrapping_scala/src/main/scala/Main.scala. Using presentation compiler with project's scala-library version: 3.3.4
2025.01.06 09:15:12 INFO  no build target found for /Users/sightes/Documents/GITHUB/2025_Scrapping_Chile/simple_scrapping_scala/src/main/scala/Main.scala. Using presentation compiler with project's scala-library version: 3.3.4
2025.01.06 09:15:12 INFO  no build target found for /Users/sightes/Documents/GITHUB/2025_Scrapping_Chile/simple_scrapping_scala/src/main/scala/Main.scala. Using presentation compiler with project's scala-library version: 3.3.4
2025.01.06 09:15:12 INFO  no build target found for /Users/sightes/Documents/GITHUB/2025_Scrapping_Chile/simple_scrapping_scala/src/main/scala/Main.scala. Using presentation compiler with project's scala-library version: 3.3.4
2025.01.06 09:15:12 INFO  no build target found for /Users/sightes/Documents/GITHUB/2025_Scrapping_Chile/simple_scrapping_scala/src/main/scala/Main.scala. Using presentation compiler with project's scala-library version: 3.3.4
2025.01.06 09:15:12 INFO  no build target found for /Users/sightes/Documents/GITHUB/2025_Scrapping_Chile/simple_scrapping_scala/src/main/scala/Main.scala. Using presentation compiler with project's scala-library version: 3.3.4
2025.01.06 09:15:12 INFO  no build target found for /Users/sightes/Documents/GITHUB/2025_Scrapping_Chile/simple_scrapping_scala/src/main/scala/Main.scala. Using presentation compiler with project's scala-library version: 3.3.4
2025.01.06 09:15:12 INFO  no build target found for /Users/sightes/Documents/GITHUB/2025_Scrapping_Chile/simple_scrapping_scala/src/main/scala/Main.scala. Using presentation compiler with project's scala-library version: 3.3.4
2025.01.06 09:15:12 INFO  no build target found for /Users/sightes/Documents/GITHUB/2025_Scrapping_Chile/simple_scrapping_scala/src/main/scala/Main.scala. Using presentation compiler with project's scala-library version: 3.3.4
2025.01.06 09:15:12 INFO  no build target found for /Users/sightes/Documents/GITHUB/2025_Scrapping_Chile/simple_scrapping_scala/src/main/scala/Main.scala. Using presentation compiler with project's scala-library version: 3.3.4
2025.01.06 09:15:13 INFO  no build target found for /Users/sightes/Documents/GITHUB/2025_Scrapping_Chile/simple_scrapping_scala/src/main/scala/Main.scala. Using presentation compiler with project's scala-library version: 3.3.4
2025.01.06 09:15:13 INFO  no build target found for /Users/sightes/Documents/GITHUB/2025_Scrapping_Chile/simple_scrapping_scala/src/main/scala/Main.scala. Using presentation compiler with project's scala-library version: 3.3.4
2025.01.06 09:15:13 INFO  no build target found for /Users/sightes/Documents/GITHUB/2025_Scrapping_Chile/simple_scrapping_scala/src/main/scala/Main.scala. Using presentation compiler with project's scala-library version: 3.3.4
2025.01.06 09:15:13 INFO  no build target found for /Users/sightes/Documents/GITHUB/2025_Scrapping_Chile/simple_scrapping_scala/src/main/scala/Main.scala. Using presentation compiler with project's scala-library version: 3.3.4
2025.01.06 09:15:13 INFO  no build target found for /Users/sightes/Documents/GITHUB/2025_Scrapping_Chile/simple_scrapping_scala/src/main/scala/Main.scala. Using presentation compiler with project's scala-library version: 3.3.4
2025.01.06 09:15:13 INFO  no build target found for /Users/sightes/Documents/GITHUB/2025_Scrapping_Chile/simple_scrapping_scala/src/main/scala/Main.scala. Using presentation compiler with project's scala-library version: 3.3.4
2025.01.06 09:15:13 INFO  no build target found for /Users/sightes/Documents/GITHUB/2025_Scrapping_Chile/simple_scrapping_scala/src/main/scala/Main.scala. Using presentation compiler with project's scala-library version: 3.3.4
2025.01.06 09:15:13 INFO  no build target found for /Users/sightes/Documents/GITHUB/2025_Scrapping_Chile/simple_scrapping_scala/src/main/scala/Main.scala. Using presentation compiler with project's scala-library version: 3.3.4
2025.01.06 09:15:13 INFO  no build target found for /Users/sightes/Documents/GITHUB/2025_Scrapping_Chile/simple_scrapping_scala/src/main/scala/Main.scala. Using presentation compiler with project's scala-library version: 3.3.4
2025.01.06 09:15:13 INFO  no build target found for /Users/sightes/Documents/GITHUB/2025_Scrapping_Chile/simple_scrapping_scala/src/main/scala/Main.scala. Using presentation compiler with project's scala-library version: 3.3.4
2025.01.06 09:15:13 INFO  no build target found for /Users/sightes/Documents/GITHUB/2025_Scrapping_Chile/simple_scrapping_scala/src/main/scala/Main.scala. Using presentation compiler with project's scala-library version: 3.3.4
2025.01.06 09:15:13 INFO  no build target found for /Users/sightes/Documents/GITHUB/2025_Scrapping_Chile/simple_scrapping_scala/src/main/scala/Main.scala. Using presentation compiler with project's scala-library version: 3.3.4
2025.01.06 09:15:13 INFO  no build target found for /Users/sightes/Documents/GITHUB/2025_Scrapping_Chile/simple_scrapping_scala/src/main/scala/Main.scala. Using presentation compiler with project's scala-library version: 3.3.4
2025.01.06 09:15:14 INFO  no build target found for /Users/sightes/Documents/GITHUB/2025_Scrapping_Chile/simple_scrapping_scala/src/main/scala/Main.scala. Using presentation compiler with project's scala-library version: 3.3.4
2025.01.06 09:15:14 INFO  no build target found for /Users/sightes/Documents/GITHUB/2025_Scrapping_Chile/simple_scrapping_scala/src/main/scala/Main.scala. Using presentation compiler with project's scala-library version: 3.3.4
2025.01.06 09:15:14 INFO  no build target found for /Users/sightes/Documents/GITHUB/2025_Scrapping_Chile/simple_scrapping_scala/src/main/scala/Main.scala. Using presentation compiler with project's scala-library version: 3.3.4
2025.01.06 09:15:18 INFO  no build target found for /Users/sightes/Documents/GITHUB/2025_Scrapping_Chile/simple_scrapping_scala/src/main/scala/Main.scala. Using presentation compiler with project's scala-library version: 3.3.4
2025.01.06 09:15:19 INFO  no build target found for /Users/sightes/Documents/GITHUB/2025_Scrapping_Chile/simple_scrapping_scala/src/main/scala/Main.scala. Using presentation compiler with project's scala-library version: 3.3.4
2025.01.06 09:15:19 INFO  no build target found for /Users/sightes/Documents/GITHUB/2025_Scrapping_Chile/simple_scrapping_scala/src/main/scala/Main.scala. Using presentation compiler with project's scala-library version: 3.3.4
2025.01.06 09:15:19 INFO  no build target found for /Users/sightes/Documents/GITHUB/2025_Scrapping_Chile/simple_scrapping_scala/src/main/scala/Main.scala. Using presentation compiler with project's scala-library version: 3.3.4
2025.01.06 09:15:19 WARN  no build target for: /Users/sightes/Documents/GITHUB/2025_Scrapping_Chile/simple_scrapping_scala/src/main/scala/Main.scala
2025.01.06 09:15:19 INFO  no build target found for /Users/sightes/Documents/GITHUB/2025_Scrapping_Chile/simple_scrapping_scala/src/main/scala/Main.scala. Using presentation compiler with project's scala-library version: 3.3.4
2025.01.06 09:15:19 INFO  no build target found for /Users/sightes/Documents/GITHUB/2025_Scrapping_Chile/simple_scrapping_scala/src/main/scala/Main.scala. Using presentation compiler with project's scala-library version: 3.3.4
2025.01.06 09:15:36 INFO  no build target found for /Users/sightes/Documents/GITHUB/2025_Scrapping_Chile/simple_scrapping_scala/src/main/scala/Main.scala. Using presentation compiler with project's scala-library version: 3.3.4
2025.01.06 09:15:36 INFO  no build target found for /Users/sightes/Documents/GITHUB/2025_Scrapping_Chile/simple_scrapping_scala/src/main/scala/Main.scala. Using presentation compiler with project's scala-library version: 3.3.4
2025.01.06 09:15:57 INFO  no build target found for /Users/sightes/Documents/GITHUB/2025_Scrapping_Chile/simple_scrapping_scala/src/main/scala/Main.scala. Using presentation compiler with project's scala-library version: 3.3.4
2025.01.06 09:15:57 INFO  no build target found for /Users/sightes/Documents/GITHUB/2025_Scrapping_Chile/simple_scrapping_scala/src/main/scala/Main.scala. Using presentation compiler with project's scala-library version: 3.3.4
2025.01.06 09:15:57 INFO  no build target found for /Users/sightes/Documents/GITHUB/2025_Scrapping_Chile/simple_scrapping_scala/src/main/scala/Main.scala. Using presentation compiler with project's scala-library version: 3.3.4
2025.01.06 09:15:59 INFO  no build target found for /Users/sightes/Documents/GITHUB/2025_Scrapping_Chile/simple_scrapping_scala/src/main/scala/Main.scala. Using presentation compiler with project's scala-library version: 3.3.4
2025.01.06 09:15:59 INFO  no build target found for /Users/sightes/Documents/GITHUB/2025_Scrapping_Chile/simple_scrapping_scala/src/main/scala/Main.scala. Using presentation compiler with project's scala-library version: 3.3.4
2025.01.06 09:15:59 INFO  no build target found for /Users/sightes/Documents/GITHUB/2025_Scrapping_Chile/simple_scrapping_scala/src/main/scala/Main.scala. Using presentation compiler with project's scala-library version: 3.3.4
2025.01.06 09:15:59 WARN  Could not find semantic tokens for: file:///Users/sightes/Documents/GITHUB/2025_Scrapping_Chile/simple_scrapping_scala/src/main/scala/Main.scala
2025.01.06 09:15:59 INFO  no build target found for /Users/sightes/Documents/GITHUB/2025_Scrapping_Chile/simple_scrapping_scala/src/main/scala/Main.scala. Using presentation compiler with project's scala-library version: 3.3.4
2025.01.06 09:16:00 INFO  no build target found for /Users/sightes/Documents/GITHUB/2025_Scrapping_Chile/simple_scrapping_scala/src/main/scala/Main.scala. Using presentation compiler with project's scala-library version: 3.3.4
2025.01.06 09:16:00 INFO  no build target found for /Users/sightes/Documents/GITHUB/2025_Scrapping_Chile/simple_scrapping_scala/src/main/scala/Main.scala. Using presentation compiler with project's scala-library version: 3.3.4
2025.01.06 09:16:02 WARN  no build target for: /Users/sightes/Documents/GITHUB/2025_Scrapping_Chile/simple_scrapping_scala/src/main/scala/Main.scala
2025.01.06 09:16:02 INFO  no build target found for /Users/sightes/Documents/GITHUB/2025_Scrapping_Chile/simple_scrapping_scala/src/main/scala/Main.scala. Using presentation compiler with project's scala-library version: 3.3.4
2025.01.06 09:16:02 INFO  no build target found for /Users/sightes/Documents/GITHUB/2025_Scrapping_Chile/simple_scrapping_scala/src/main/scala/Main.scala. Using presentation compiler with project's scala-library version: 3.3.4
2025.01.06 09:16:02 INFO  no build target found for /Users/sightes/Documents/GITHUB/2025_Scrapping_Chile/simple_scrapping_scala/src/main/scala/Main.scala. Using presentation compiler with project's scala-library version: 3.3.4
2025.01.06 09:16:02 INFO  no build target found for /Users/sightes/Documents/GITHUB/2025_Scrapping_Chile/simple_scrapping_scala/src/main/scala/Main.scala. Using presentation compiler with project's scala-library version: 3.3.4
2025.01.06 09:16:02 INFO  no build target found for /Users/sightes/Documents/GITHUB/2025_Scrapping_Chile/simple_scrapping_scala/src/main/scala/Main.scala. Using presentation compiler with project's scala-library version: 3.3.4
2025.01.06 09:16:20 INFO  no build target found for /Users/sightes/Documents/GITHUB/2025_Scrapping_Chile/simple_scrapping_scala/src/main/scala/Main.scala. Using presentation compiler with project's scala-library version: 3.3.4
2025.01.06 09:16:20 INFO  no build target found for /Users/sightes/Documents/GITHUB/2025_Scrapping_Chile/simple_scrapping_scala/src/main/scala/Main.scala. Using presentation compiler with project's scala-library version: 3.3.4
2025.01.06 09:16:20 INFO  no build target found for /Users/sightes/Documents/GITHUB/2025_Scrapping_Chile/simple_scrapping_scala/src/main/scala/Main.scala. Using presentation compiler with project's scala-library version: 3.3.4
2025.01.06 09:16:21 INFO  no build target found for /Users/sightes/Documents/GITHUB/2025_Scrapping_Chile/simple_scrapping_scala/src/main/scala/Main.scala. Using presentation compiler with project's scala-library version: 3.3.4
2025.01.06 09:16:21 INFO  no build target found for /Users/sightes/Documents/GITHUB/2025_Scrapping_Chile/simple_scrapping_scala/src/main/scala/Main.scala. Using presentation compiler with project's scala-library version: 3.3.4
2025.01.06 09:16:21 INFO  no build target found for /Users/sightes/Documents/GITHUB/2025_Scrapping_Chile/simple_scrapping_scala/src/main/scala/Main.scala. Using presentation compiler with project's scala-library version: 3.3.4
2025.01.06 09:16:21 INFO  no build target found for /Users/sightes/Documents/GITHUB/2025_Scrapping_Chile/simple_scrapping_scala/src/main/scala/Main.scala. Using presentation compiler with project's scala-library version: 3.3.4
2025.01.06 09:16:21 INFO  no build target found for /Users/sightes/Documents/GITHUB/2025_Scrapping_Chile/simple_scrapping_scala/src/main/scala/Main.scala. Using presentation compiler with project's scala-library version: 3.3.4
2025.01.06 09:16:21 INFO  no build target found for /Users/sightes/Documents/GITHUB/2025_Scrapping_Chile/simple_scrapping_scala/src/main/scala/Main.scala. Using presentation compiler with project's scala-library version: 3.3.4
2025.01.06 09:16:21 INFO  no build target found for /Users/sightes/Documents/GITHUB/2025_Scrapping_Chile/simple_scrapping_scala/src/main/scala/Main.scala. Using presentation compiler with project's scala-library version: 3.3.4
2025.01.06 09:16:21 INFO  no build target found for /Users/sightes/Documents/GITHUB/2025_Scrapping_Chile/simple_scrapping_scala/src/main/scala/Main.scala. Using presentation compiler with project's scala-library version: 3.3.4
2025.01.06 09:16:22 INFO  no build target found for /Users/sightes/Documents/GITHUB/2025_Scrapping_Chile/simple_scrapping_scala/src/main/scala/Main.scala. Using presentation compiler with project's scala-library version: 3.3.4
2025.01.06 09:16:22 INFO  no build target found for /Users/sightes/Documents/GITHUB/2025_Scrapping_Chile/simple_scrapping_scala/src/main/scala/Main.scala. Using presentation compiler with project's scala-library version: 3.3.4
2025.01.06 09:16:22 INFO  no build target found for /Users/sightes/Documents/GITHUB/2025_Scrapping_Chile/simple_scrapping_scala/src/main/scala/Main.scala. Using presentation compiler with project's scala-library version: 3.3.4
2025.01.06 09:16:22 INFO  no build target found for /Users/sightes/Documents/GITHUB/2025_Scrapping_Chile/simple_scrapping_scala/src/main/scala/Main.scala. Using presentation compiler with project's scala-library version: 3.3.4
2025.01.06 09:16:22 INFO  no build target found for /Users/sightes/Documents/GITHUB/2025_Scrapping_Chile/simple_scrapping_scala/src/main/scala/Main.scala. Using presentation compiler with project's scala-library version: 3.3.4
2025.01.06 09:16:22 INFO  no build target found for /Users/sightes/Documents/GITHUB/2025_Scrapping_Chile/simple_scrapping_scala/src/main/scala/Main.scala. Using presentation compiler with project's scala-library version: 3.3.4
2025.01.06 09:16:22 INFO  no build target found for /Users/sightes/Documents/GITHUB/2025_Scrapping_Chile/simple_scrapping_scala/src/main/scala/Main.scala. Using presentation compiler with project's scala-library version: 3.3.4
2025.01.06 09:16:22 INFO  no build target found for /Users/sightes/Documents/GITHUB/2025_Scrapping_Chile/simple_scrapping_scala/src/main/scala/Main.scala. Using presentation compiler with project's scala-library version: 3.3.4
2025.01.06 09:16:22 INFO  no build target found for /Users/sightes/Documents/GITHUB/2025_Scrapping_Chile/simple_scrapping_scala/src/main/scala/Main.scala. Using presentation compiler with project's scala-library version: 3.3.4
2025.01.06 09:16:23 INFO  no build target found for /Users/sightes/Documents/GITHUB/2025_Scrapping_Chile/simple_scrapping_scala/src/main/scala/Main.scala. Using presentation compiler with project's scala-library version: 3.3.4
2025.01.06 09:16:23 INFO  no build target found for /Users/sightes/Documents/GITHUB/2025_Scrapping_Chile/simple_scrapping_scala/src/main/scala/Main.scala. Using presentation compiler with project's scala-library version: 3.3.4
2025.01.06 09:16:28 INFO  no build target found for /Users/sightes/Documents/GITHUB/2025_Scrapping_Chile/simple_scrapping_scala/src/main/scala/Main.scala. Using presentation compiler with project's scala-library version: 3.3.4
2025.01.06 09:16:28 INFO  no build target found for /Users/sightes/Documents/GITHUB/2025_Scrapping_Chile/simple_scrapping_scala/src/main/scala/Main.scala. Using presentation compiler with project's scala-library version: 3.3.4
2025.01.06 09:16:28 INFO  no build target found for /Users/sightes/Documents/GITHUB/2025_Scrapping_Chile/simple_scrapping_scala/src/main/scala/Main.scala. Using presentation compiler with project's scala-library version: 3.3.4
2025.01.06 09:16:29 INFO  no build target found for /Users/sightes/Documents/GITHUB/2025_Scrapping_Chile/simple_scrapping_scala/src/main/scala/Main.scala. Using presentation compiler with project's scala-library version: 3.3.4
2025.01.06 09:16:29 INFO  no build target found for /Users/sightes/Documents/GITHUB/2025_Scrapping_Chile/simple_scrapping_scala/src/main/scala/Main.scala. Using presentation compiler with project's scala-library version: 3.3.4
2025.01.06 09:16:29 INFO  no build target found for /Users/sightes/Documents/GITHUB/2025_Scrapping_Chile/simple_scrapping_scala/src/main/scala/Main.scala. Using presentation compiler with project's scala-library version: 3.3.4
2025.01.06 09:16:29 INFO  no build target found for /Users/sightes/Documents/GITHUB/2025_Scrapping_Chile/simple_scrapping_scala/src/main/scala/Main.scala. Using presentation compiler with project's scala-library version: 3.3.4
2025.01.06 09:16:31 INFO  no build target found for /Users/sightes/Documents/GITHUB/2025_Scrapping_Chile/simple_scrapping_scala/src/main/scala/Main.scala. Using presentation compiler with project's scala-library version: 3.3.4
2025.01.06 09:16:34 INFO  no build target found for /Users/sightes/Documents/GITHUB/2025_Scrapping_Chile/simple_scrapping_scala/src/main/scala/Main.scala. Using presentation compiler with project's scala-library version: 3.3.4
2025.01.06 09:16:34 INFO  no build target found for /Users/sightes/Documents/GITHUB/2025_Scrapping_Chile/simple_scrapping_scala/src/main/scala/Main.scala. Using presentation compiler with project's scala-library version: 3.3.4
2025.01.06 09:16:34 INFO  no build target found for /Users/sightes/Documents/GITHUB/2025_Scrapping_Chile/simple_scrapping_scala/src/main/scala/Main.scala. Using presentation compiler with project's scala-library version: 3.3.4
2025.01.06 09:16:34 WARN  no build target for: /Users/sightes/Documents/GITHUB/2025_Scrapping_Chile/simple_scrapping_scala/src/main/scala/Main.scala
2025.01.06 09:16:34 INFO  no build target found for /Users/sightes/Documents/GITHUB/2025_Scrapping_Chile/simple_scrapping_scala/src/main/scala/Main.scala. Using presentation compiler with project's scala-library version: 3.3.4
2025.01.06 09:16:34 INFO  no build target found for /Users/sightes/Documents/GITHUB/2025_Scrapping_Chile/simple_scrapping_scala/src/main/scala/Main.scala. Using presentation compiler with project's scala-library version: 3.3.4
2025.01.06 09:16:57 INFO  no build target found for /Users/sightes/Documents/GITHUB/2025_Scrapping_Chile/simple_scrapping_scala/src/main/scala/Main.scala. Using presentation compiler with project's scala-library version: 3.3.4
2025.01.06 09:16:57 INFO  no build target found for /Users/sightes/Documents/GITHUB/2025_Scrapping_Chile/simple_scrapping_scala/src/main/scala/Main.scala. Using presentation compiler with project's scala-library version: 3.3.4
2025.01.06 09:16:57 INFO  no build target found for /Users/sightes/Documents/GITHUB/2025_Scrapping_Chile/simple_scrapping_scala/src/main/scala/Main.scala. Using presentation compiler with project's scala-library version: 3.3.4
2025.01.06 09:17:18 INFO  no build target found for /Users/sightes/Documents/GITHUB/2025_Scrapping_Chile/simple_scrapping_scala/src/main/scala/Main.scala. Using presentation compiler with project's scala-library version: 3.3.4
2025.01.06 09:17:18 INFO  no build target found for /Users/sightes/Documents/GITHUB/2025_Scrapping_Chile/simple_scrapping_scala/src/main/scala/Main.scala. Using presentation compiler with project's scala-library version: 3.3.4
2025.01.06 09:17:18 WARN  Could not find semantic tokens for: file:///Users/sightes/Documents/GITHUB/2025_Scrapping_Chile/simple_scrapping_scala/src/main/scala/Main.scala
2025.01.06 09:17:18 INFO  no build target found for /Users/sightes/Documents/GITHUB/2025_Scrapping_Chile/simple_scrapping_scala/src/main/scala/Main.scala. Using presentation compiler with project's scala-library version: 3.3.4
2025.01.06 09:17:18 INFO  no build target found for /Users/sightes/Documents/GITHUB/2025_Scrapping_Chile/simple_scrapping_scala/src/main/scala/Main.scala. Using presentation compiler with project's scala-library version: 3.3.4
2025.01.06 09:17:19 INFO  no build target found for /Users/sightes/Documents/GITHUB/2025_Scrapping_Chile/simple_scrapping_scala/src/main/scala/Main.scala. Using presentation compiler with project's scala-library version: 3.3.4
2025.01.06 09:17:21 INFO  no build target found for /Users/sightes/Documents/GITHUB/2025_Scrapping_Chile/simple_scrapping_scala/src/main/scala/Main.scala. Using presentation compiler with project's scala-library version: 3.3.4
2025.01.06 09:17:21 INFO  no build target found for /Users/sightes/Documents/GITHUB/2025_Scrapping_Chile/simple_scrapping_scala/src/main/scala/Main.scala. Using presentation compiler with project's scala-library version: 3.3.4
2025.01.06 09:17:21 INFO  no build target found for /Users/sightes/Documents/GITHUB/2025_Scrapping_Chile/simple_scrapping_scala/src/main/scala/Main.scala. Using presentation compiler with project's scala-library version: 3.3.4
2025.01.06 09:17:21 INFO  no build target found for /Users/sightes/Documents/GITHUB/2025_Scrapping_Chile/simple_scrapping_scala/src/main/scala/Main.scala. Using presentation compiler with project's scala-library version: 3.3.4
2025.01.06 09:17:21 INFO  no build target found for /Users/sightes/Documents/GITHUB/2025_Scrapping_Chile/simple_scrapping_scala/src/main/scala/Main.scala. Using presentation compiler with project's scala-library version: 3.3.4
2025.01.06 09:17:21 WARN  no build target for: /Users/sightes/Documents/GITHUB/2025_Scrapping_Chile/simple_scrapping_scala/src/main/scala/Main.scala
2025.01.06 09:17:21 INFO  no build target found for /Users/sightes/Documents/GITHUB/2025_Scrapping_Chile/simple_scrapping_scala/src/main/scala/Main.scala. Using presentation compiler with project's scala-library version: 3.3.4
2025.01.06 09:17:34 INFO  no build target found for /Users/sightes/Documents/GITHUB/2025_Scrapping_Chile/simple_scrapping_scala/src/main/scala/Main.scala. Using presentation compiler with project's scala-library version: 3.3.4
2025.01.06 09:17:34 INFO  no build target found for /Users/sightes/Documents/GITHUB/2025_Scrapping_Chile/simple_scrapping_scala/src/main/scala/Main.scala. Using presentation compiler with project's scala-library version: 3.3.4
2025.01.06 09:17:34 INFO  no build target found for /Users/sightes/Documents/GITHUB/2025_Scrapping_Chile/simple_scrapping_scala/src/main/scala/Main.scala. Using presentation compiler with project's scala-library version: 3.3.4
2025.01.06 09:17:36 INFO  no build target found for /Users/sightes/Documents/GITHUB/2025_Scrapping_Chile/simple_scrapping_scala/src/main/scala/Main.scala. Using presentation compiler with project's scala-library version: 3.3.4
2025.01.06 09:17:39 INFO  no build target found for /Users/sightes/Documents/GITHUB/2025_Scrapping_Chile/simple_scrapping_scala/src/main/scala/Main.scala. Using presentation compiler with project's scala-library version: 3.3.4
2025.01.06 09:17:39 INFO  no build target found for /Users/sightes/Documents/GITHUB/2025_Scrapping_Chile/simple_scrapping_scala/src/main/scala/Main.scala. Using presentation compiler with project's scala-library version: 3.3.4
2025.01.06 09:17:39 INFO  no build target found for /Users/sightes/Documents/GITHUB/2025_Scrapping_Chile/simple_scrapping_scala/src/main/scala/Main.scala. Using presentation compiler with project's scala-library version: 3.3.4
2025.01.06 09:17:39 INFO  no build target found for /Users/sightes/Documents/GITHUB/2025_Scrapping_Chile/simple_scrapping_scala/src/main/scala/Main.scala. Using presentation compiler with project's scala-library version: 3.3.4
2025.01.06 09:17:44 INFO  no build target found for /Users/sightes/Documents/GITHUB/2025_Scrapping_Chile/simple_scrapping_scala/src/main/scala/Main.scala. Using presentation compiler with project's scala-library version: 3.3.4
2025.01.06 09:17:44 INFO  no build target found for /Users/sightes/Documents/GITHUB/2025_Scrapping_Chile/simple_scrapping_scala/src/main/scala/Main.scala. Using presentation compiler with project's scala-library version: 3.3.4
2025.01.06 09:17:44 INFO  no build target found for /Users/sightes/Documents/GITHUB/2025_Scrapping_Chile/simple_scrapping_scala/src/main/scala/Main.scala. Using presentation compiler with project's scala-library version: 3.3.4
2025.01.06 09:17:44 INFO  no build target found for /Users/sightes/Documents/GITHUB/2025_Scrapping_Chile/simple_scrapping_scala/src/main/scala/Main.scala. Using presentation compiler with project's scala-library version: 3.3.4
2025.01.06 09:17:45 INFO  no build target found for /Users/sightes/Documents/GITHUB/2025_Scrapping_Chile/simple_scrapping_scala/src/main/scala/Main.scala. Using presentation compiler with project's scala-library version: 3.3.4
2025.01.06 09:17:45 INFO  no build target found for /Users/sightes/Documents/GITHUB/2025_Scrapping_Chile/simple_scrapping_scala/src/main/scala/Main.scala. Using presentation compiler with project's scala-library version: 3.3.4
2025.01.06 09:17:45 INFO  no build target found for /Users/sightes/Documents/GITHUB/2025_Scrapping_Chile/simple_scrapping_scala/src/main/scala/Main.scala. Using presentation compiler with project's scala-library version: 3.3.4
2025.01.06 09:17:45 INFO  no build target found for /Users/sightes/Documents/GITHUB/2025_Scrapping_Chile/simple_scrapping_scala/src/main/scala/Main.scala. Using presentation compiler with project's scala-library version: 3.3.4
2025.01.06 09:17:46 INFO  no build target found for /Users/sightes/Documents/GITHUB/2025_Scrapping_Chile/simple_scrapping_scala/src/main/scala/Main.scala. Using presentation compiler with project's scala-library version: 3.3.4
2025.01.06 09:17:47 INFO  no build target found for /Users/sightes/Documents/GITHUB/2025_Scrapping_Chile/simple_scrapping_scala/src/main/scala/Main.scala. Using presentation compiler with project's scala-library version: 3.3.4
2025.01.06 09:17:47 INFO  no build target found for /Users/sightes/Documents/GITHUB/2025_Scrapping_Chile/simple_scrapping_scala/src/main/scala/Main.scala. Using presentation compiler with project's scala-library version: 3.3.4
2025.01.06 09:17:47 INFO  no build target found for /Users/sightes/Documents/GITHUB/2025_Scrapping_Chile/simple_scrapping_scala/src/main/scala/Main.scala. Using presentation compiler with project's scala-library version: 3.3.4
2025.01.06 09:17:47 INFO  no build target found for /Users/sightes/Documents/GITHUB/2025_Scrapping_Chile/simple_scrapping_scala/src/main/scala/Main.scala. Using presentation compiler with project's scala-library version: 3.3.4
2025.01.06 09:17:49 INFO  no build target found for /Users/sightes/Documents/GITHUB/2025_Scrapping_Chile/simple_scrapping_scala/src/main/scala/Main.scala. Using presentation compiler with project's scala-library version: 3.3.4
2025.01.06 09:17:49 INFO  no build target found for /Users/sightes/Documents/GITHUB/2025_Scrapping_Chile/simple_scrapping_scala/src/main/scala/Main.scala. Using presentation compiler with project's scala-library version: 3.3.4
2025.01.06 09:17:49 INFO  no build target found for /Users/sightes/Documents/GITHUB/2025_Scrapping_Chile/simple_scrapping_scala/src/main/scala/Main.scala. Using presentation compiler with project's scala-library version: 3.3.4
2025.01.06 09:17:49 INFO  no build target found for /Users/sightes/Documents/GITHUB/2025_Scrapping_Chile/simple_scrapping_scala/src/main/scala/Main.scala. Using presentation compiler with project's scala-library version: 3.3.4
2025.01.06 09:17:50 INFO  no build target found for /Users/sightes/Documents/GITHUB/2025_Scrapping_Chile/simple_scrapping_scala/src/main/scala/Main.scala. Using presentation compiler with project's scala-library version: 3.3.4
2025.01.06 09:17:50 INFO  no build target found for /Users/sightes/Documents/GITHUB/2025_Scrapping_Chile/simple_scrapping_scala/src/main/scala/Main.scala. Using presentation compiler with project's scala-library version: 3.3.4
2025.01.06 09:17:52 WARN  no build target for: /Users/sightes/Documents/GITHUB/2025_Scrapping_Chile/simple_scrapping_scala/src/main/scala/Main.scala
2025.01.06 09:17:52 INFO  no build target found for /Users/sightes/Documents/GITHUB/2025_Scrapping_Chile/simple_scrapping_scala/src/main/scala/Main.scala. Using presentation compiler with project's scala-library version: 3.3.4
2025.01.06 09:17:52 INFO  no build target found for /Users/sightes/Documents/GITHUB/2025_Scrapping_Chile/simple_scrapping_scala/src/main/scala/Main.scala. Using presentation compiler with project's scala-library version: 3.3.4
2025.01.06 09:19:04 INFO  Shutting down server
2025.01.06 09:19:04 INFO  shutting down Metals
2025.01.06 09:19:04 INFO  Exiting server
2025.01.06 09:19:32 INFO  Started: Metals version 1.4.2 in folders '/Users/sightes/Documents/GITHUB/2025_Scrapping_Chile' for client Visual Studio Code 1.96.2.
2025.01.06 09:19:33 INFO  no build target found for /Users/sightes/Documents/GITHUB/2025_Scrapping_Chile/simple_scrapping_scala/src/main/scala/Main.scala. Using presentation compiler with project's scala-library version: 3.3.4
2025.01.06 09:19:34 INFO  no build target found for /Users/sightes/Documents/GITHUB/2025_Scrapping_Chile/simple_scrapping_scala/src/main/scala/Main.scala. Using presentation compiler with project's scala-library version: 3.3.4
2025.01.06 09:19:33 INFO  no build target found for /Users/sightes/Documents/GITHUB/2025_Scrapping_Chile/simple_scrapping_scala/src/main/scala/Main.scala. Using presentation compiler with project's scala-library version: 3.3.4
2025.01.06 09:19:33 INFO  no build target found for /Users/sightes/Documents/GITHUB/2025_Scrapping_Chile/simple_scrapping_scala/src/main/scala/Main.scala. Using presentation compiler with project's scala-library version: 3.3.4
2025.01.06 09:19:33 INFO  no build target found for /Users/sightes/Documents/GITHUB/2025_Scrapping_Chile/simple_scrapping_scala/src/main/scala/Main.scala. Using presentation compiler with project's scala-library version: 3.3.4
ene 06, 2025 9:19:34 A.M. org.eclipse.lsp4j.jsonrpc.RemoteEndpoint handleCancellation
ADVERTENCIA: Unmatched cancel notification for request id 9
ene 06, 2025 9:19:34 A.M. org.eclipse.lsp4j.jsonrpc.RemoteEndpoint handleCancellation
ADVERTENCIA: Unmatched cancel notification for request id 10
2025.01.06 09:19:33 INFO  no build target found for /Users/sightes/Documents/GITHUB/2025_Scrapping_Chile/simple_scrapping_scala/src/main/scala/Main.scala. Using presentation compiler with project's scala-library version: 3.3.4
2025.01.06 09:22:33 INFO  no build target found for /Users/sightes/Documents/GITHUB/2025_Scrapping_Chile/simple_scrapping_scala/build.sbt. Using presentation compiler with project's scala-library version: 3.3.4
2025.01.06 09:24:25 INFO  Shutting down server
2025.01.06 09:24:25 INFO  shutting down Metals
2025.01.06 09:24:25 INFO  Exiting server
